[INFO] Scanning for projects...
[INFO] 
[INFO] ----------------------< commons-net:commons-net >-----------------------
[INFO] Building Apache Commons Net 3.6-SNAPSHOT
[INFO] --------------------------------[ jar ]---------------------------------
[INFO] 
[INFO] --- pitest-maven:1.5.0:mutationCoverage (default-cli) @ commons-net ---
[INFO] Found plugin : Default csv report plugin
[INFO] Found plugin : Default xml report plugin
[INFO] Found plugin : Default html report plugin
[INFO] Found plugin : Static initializer code detector plugin
[INFO] Found plugin : Static initializer filter plugin
[INFO] Found plugin : Excluded annotations plugin
[INFO] Found plugin : Try with resources filter
[INFO] Found plugin : Inlined finally block filter plugin
[INFO] Found plugin : Implicit null check filter
[INFO] Found plugin : Method reference null check filter
[INFO] Found plugin : For each loop filter
[INFO] Found plugin : Enum constructor filter
[INFO] Found plugin : Logging calls filter
[INFO] Found plugin : Infinite for loop filter
[INFO] Found plugin : Long running iterator loop filter
[INFO] Found plugin : For loop counter filter
[INFO] Found plugin : Kotlin junk mutations filter
[INFO] Found plugin : Max mutations per class limit
[INFO] Found plugin : Equals shortcut equivalent mutant filter
[INFO] Found plugin : Trivial return vals equivalence filter
[INFO] Found plugin : Mutant export plugin
[INFO] Found shared classpath plugin : Default mutation engine
[INFO] Found shared classpath plugin : JUnit plugin
[INFO] Found shared classpath plugin : TestNG plugin
[INFO] Adding org.pitest:pitest to SUT classpath
[INFO] Mutating from /s/smith/b/nobackup/mkshin/Spring2020/Research/pitestWork2/target/classes
/-\|/-\|/stderr  : java.net.BindException: Address already in use (Bind failed)
	at java.net.PlainDatagramSocketImpl.bind0(Native Method)
	at java.net.AbstractPlainDatagramSocketImpl.bind(AbstractPlainDatagramSocketImpl.java:93)
	at java.net.DatagramSocket.bind(DatagramSockestderr  : t.java:392)
	at java.net.DatagramSocket.<init>(DatagramSocket.java:242)
	at java.net.DatagramSocket.<init>(DatagramSocket.java:299)
	at java.net.DatagramSocket.<init>(DatagramSocket.java:271)
	at org.apache.commons.net.DefaultDatagramSocketFactory.createDastderr  : tagramSocket(DefaultDatagramSocketFactory.java:61)
	at org.apache.commons.net.DatagramSocketClient.open(DatagramSocketClient.java:124)
	at org.apache.commons.net.tftp.TFTPServer.launch(TFTPServer.java:245)
	at org.apache.commons.net.tftp.TFTPServer.<init>(stderr  : TFTPServer.java:164)
	at org.apache.commons.net.tftp.TFTPTest.<clinit>(TFTPTest.java:61)
	at sun.reflect.NativeConstructorAccessorImpl.newInstance0(Native Method)
	at sun.reflect.NativeConstructorAccessorImpl.newInstance(NativeConstructorAccessorImpl.java:stderr  : 62)
	at sun.reflect.DelegatingConstructorAccessorImpl.newInstance(DelegatingConstructorAccessorImpl.java:45)
	at java.lang.reflect.Constructor.newInstance(Constructor.java:423)
	at junit.framework.TestSuite.createTest(TestSuite.java:60)
	at junit.frameworkstderr  : .TestSuite.addTestMethod(TestSuite.java:307)
	at junit.framework.TestSuite.addTestsFromTestCase(TestSuite.java:150)
	at junit.framework.TestSuite.<init>(TestSuite.java:129)
	at org.junit.internal.runners.JUnit38ClassRunner.<init>(JUnit38ClassRunner.java:74stderr  : )
	at org.junit.internal.builders.JUnit3Builder.runnerForClass(JUnit3Builder.java:11)
	at org.junit.runners.model.RunnerBuilder.safeRunnerForClass(RunnerBuilder.java:59)
	at org.junit.internal.builders.AllDefaultPossibilitiesBuilder.runnerForClass(AllDefaustderr  : ltPossibilitiesBuilder.java:26)
	at org.pitest.junit.adapter.AdaptedJUnitTestUnit.createRunner(AdaptedJUnitTestUnit.java:107)
	at org.pitest.junit.RunnerSuiteFinder.apply(RunnerSuiteFinder.java:40)
	at org.pitest.junit.RunnerSuiteFinder.apply(RunnerSuiteFistderr  : nder.java:35)
	at org.pitest.extension.common.CompoundTestSuiteFinder.apply(CompoundTestSuiteFinder.java:20)
	at org.pitest.extension.common.CompoundTestSuiteFinder.apply(CompoundTestSuiteFinder.java:9)
	at org.pitest.testapi.execute.FindTestUnits.findTeststderr  : Units(FindTestUnits.java:47)
	at org.pitest.testapi.execute.FindTestUnits.getTestUnits(FindTestUnits.java:40)
	at org.pitest.testapi.execute.FindTestUnits.findTestUnitsForAllSuppliedClasses(FindTestUnits.java:29)
	at org.pitest.mutationtest.execute.Mutatiostderr  : nTestMinion.findTestsForTestClasses(MutationTestMinion.java:154)
	at org.pitest.mutationtest.execute.MutationTestMinion.run(MutationTestMinion.java:94)
	at org.pitest.mutationtest.execute.MutationTestMinion.main(MutationTestMinion.java:137)
stderr  : java.net.BindException: Address already in use (Bind failed)
	at java.net.PlainDatagramSocketImpl.bind0(Native Method)
	at java.net.AbstractPlainDatagramSocketImpl.bind(AbstractPlainDatagramSocketImpl.java:93)
	at java.net.DatagramSocket.bind(DatagramSockestderr  : t.java:392)
	at java.net.DatagramSocket.<init>(DatagramSocket.java:242)
	at java.net.DatagramSocket.<init>(DatagramSocket.java:299)
	at java.net.DatagramSocket.<init>(DatagramSocket.java:271)
	at org.apache.commons.net.DefaultDatagramSocketFactory.createDastderr  : tagramSocket(DefaultDatagramSocketFactory.java:61)
	at org.apache.commons.net.DatagramSocketClient.open(DatagramSocketClient.java:124)
	at org.apache.commons.net.tftp.TFTPServer.launch(TFTPServer.java:245)
	at org.apache.commons.net.tftp.TFTPServer.<init>(stderr  : TFTPServer.java:164)
	at org.apache.commons.net.tftp.TFTPTest.<clinit>(TFTPTest.java:61)
	at sun.reflect.NativeConstructorAccessorImpl.newInstance0(Native Method)
	at sun.reflect.NativeConstructorAccessorImpl.newInstance(NativeConstructorAccessorImpl.java:stderr  : 62)
	at sun.reflect.DelegatingConstructorAccessorImpl.newInstance(DelegatingConstructorAccessorImpl.java:45)
	at java.lang.reflect.Constructor.newInstance(Constructor.java:423)
	at junit.framework.TestSuite.createTest(TestSuite.java:60)
	at junit.frameworkstderr  : .TestSuite.addTestMethod(TestSuite.java:307)
	at junit.framework.TestSuite.addTestsFromTestCase(TestSuite.java:150)
	at junit.framework.TestSuite.<init>(TestSuite.java:129)
	at org.junit.internal.runners.JUnit38ClassRunner.<init>(JUnit38ClassRunner.java:74stderr  : )
	at org.junit.internal.builders.JUnit3Builder.runnerForClass(JUnit3Builder.java:11)
	at org.junit.runners.model.RunnerBuilder.safeRunnerForClass(RunnerBuilder.java:59)
	at org.junit.internal.builders.AllDefaultPossibilitiesBuilder.runnerForClass(AllDefaustderr  : ltPossibilitiesBuilder.java:26)
	at org.pitest.junit.adapter.AdaptedJUnitTestUnit.createRunner(AdaptedJUnitTestUnit.java:107)
	at org.pitest.junit.RunnerSuiteFinder.apply(RunnerSuiteFinder.java:40)
	at org.pitest.junit.RunnerSuiteFinder.apply(RunnerSuiteFistderr  : nder.java:35)
	at org.pitest.extension.common.CompoundTestSuiteFinder.apply(CompoundTestSuiteFinder.java:20)
	at org.pitest.extension.common.CompoundTestSuiteFinder.apply(CompoundTestSuiteFinder.java:9)
	at org.pitest.testapi.execute.FindTestUnits.findTeststderr  : Units(FindTestUnits.java:47)
	at org.pitest.testapi.execute.FindTestUnits.getTestUnits(FindTestUnits.java:40)
	at org.pitest.testapi.execute.FindTestUnits.findTestUnitsForAllSuppliedClasses(FindTestUnits.java:29)
	at org.pitest.mutationtest.execute.Mutatiostderr  : nTestMinion.findTestsForTestClasses(MutationTestMinion.java:154)
	at org.pitest.mutationtest.execute.MutationTestMinion.run(MutationTestMinion.java:94)
	at org.pitest.mutationtest.execute.MutationTestMinion.main(MutationTestMinion.java:137)
stderr  : java.net.BindException: Address already in use (Bind failed)
	at java.net.PlainDatagramSocketImpl.bind0(Native Method)
	at java.net.AbstractPlainDatagramSocketImpl.bind(AbstractPlainDatagramSocketImpl.java:93)
	at java.net.DatagramSocket.bind(DatagramSockestderr  : t.java:392)
	at java.net.DatagramSocket.<init>(DatagramSocket.java:242)
	at java.net.DatagramSocket.<init>(DatagramSocket.java:299)
	at java.net.DatagramSocket.<init>(DatagramSocket.java:271)
	at org.apache.commons.net.DefaultDatagramSocketFactory.createDastderr  : tagramSocket(DefaultDatagramSocketFactory.java:61)
	at org.apache.commons.net.DatagramSocketClient.open(DatagramSocketClient.java:124)
	at org.apache.commons.net.tftp.TFTPServer.launch(TFTPServer.java:245)
	at org.apache.commons.net.tftp.TFTPServer.<init>(stderr  : TFTPServer.java:164)
	at org.apache.commons.net.tftp.TFTPTest.<clinit>(TFTPTest.java:61)
	at sun.reflect.NativeConstructorAccessorImpl.newInstance0(Native Method)
	at sun.reflect.NativeConstructorAccessorImpl.newInstance(NativeConstructorAccessorImpl.java:stderr  : 62)
	at sun.reflect.DelegatingConstructorAccessorImpl.newInstance(DelegatingConstructorAccessorImpl.java:45)
	at java.lang.reflect.Constructor.newInstance(Constructor.java:423)
	at junit.framework.TestSuite.createTest(TestSuite.java:60)
	at junit.frameworkstderr  : .TestSuite.addTestMethod(TestSuite.java:307)
	at junit.framework.TestSuite.addTestsFromTestCase(TestSuite.java:150)
	at junit.framework.TestSuite.<init>(TestSuite.java:129)
	at org.junit.internal.runners.JUnit38ClassRunner.<init>(JUnit38ClassRunner.java:74stderr  : )
	at org.junit.internal.builders.JUnit3Builder.runnerForClass(JUnit3Builder.java:11)
	at org.junit.runners.model.RunnerBuilder.safeRunnerForClass(RunnerBuilder.java:59)
	at org.junit.internal.builders.AllDefaultPossibilitiesBuilder.runnerForClass(AllDefaustderr  : ltPossibilitiesBuilder.java:26)
	at org.pitest.junit.adapter.AdaptedJUnitTestUnit.createRunner(AdaptedJUnitTestUnit.java:107)
	at org.pitest.junit.RunnerSuiteFinder.apply(RunnerSuiteFinder.java:40)
	at org.pitest.junit.RunnerSuiteFinder.apply(RunnerSuiteFistderr  : nder.java:35)
	at org.pitest.extension.common.CompoundTestSuiteFinder.apply(CompoundTestSuiteFinder.java:20)
	at org.pitest.extension.common.CompoundTestSuiteFinder.apply(CompoundTestSuiteFinder.java:9)
	at org.pitest.testapi.execute.FindTestUnits.findTeststderr  : Units(FindTestUnits.java:47)
	at org.pitest.testapi.execute.FindTestUnits.getTestUnits(FindTestUnits.java:40)
	at org.pitest.testapi.execute.FindTestUnits.findTestUnitsForAllSuppliedClasses(FindTestUnits.java:29)
	at org.pitest.mutationtest.execute.Mutatiostderr  : nTestMinion.findTestsForTestClasses(MutationTestMinion.java:154)
	at org.pitest.mutationtest.execute.MutationTestMinion.run(MutationTestMinion.java:94)
	at org.pitest.mutationtest.execute.MutationTestMinion.main(MutationTestMinion.java:137)
stderr  : java.net.BindException: Address already in use (Bind failed)
	at java.net.PlainDatagramSocketImpl.bind0(Native Method)
	at java.net.AbstractPlainDatagramSocketImpl.bind(AbstractPlainDatagramSocketImpl.java:93)
	at java.net.DatagramSocket.bind(DatagramSockestderr  : t.java:392)
	at java.net.DatagramSocket.<init>(DatagramSocket.java:242)
	at java.net.DatagramSocket.<init>(DatagramSocket.java:299)
	at java.net.DatagramSocket.<init>(DatagramSocket.java:271)
	at org.apache.commons.net.DefaultDatagramSocketFactory.createDastderr  : tagramSocket(DefaultDatagramSocketFactory.java:61)
	at org.apache.commons.net.DatagramSocketClient.open(DatagramSocketClient.java:124)
	at org.apache.commons.net.tftp.TFTPServer.launch(TFTPServer.java:245)
	at org.apache.commons.net.tftp.TFTPServer.<init>(stderr  : TFTPServer.java:164)
	at org.apache.commons.net.tftp.TFTPTest.<clinit>(TFTPTest.java:61)
	at sun.reflect.NativeConstructorAccessorImpl.newInstance0(Native Method)
	at sun.reflect.NativeConstructorAccessorImpl.newInstance(NativeConstructorAccessorImpl.java:stderr  : 62)
	at sun.reflect.DelegatingConstructorAccessorImpl.newInstance(DelegatingConstructorAccessorImpl.java:45)
	at java.lang.reflect.Constructor.newInstance(Constructor.java:423)
	at junit.framework.TestSuite.createTest(TestSuite.java:60)
	at junit.frameworkstderr  : .TestSuite.addTestMethod(TestSuite.java:307)
	at junit.framework.TestSuite.addTestsFromTestCase(TestSuite.java:150)
	at junit.framework.TestSuite.<init>(TestSuite.java:129)
	at org.junit.internal.runners.JUnit38ClassRunner.<init>(JUnit38ClassRunner.java:74stderr  : )
	at org.junit.internal.builders.JUnit3Builder.runnerForClass(JUnit3Builder.java:11)
	at org.junit.runners.model.RunnerBuilder.safeRunnerForClass(RunnerBuilder.java:59)
	at org.junit.internal.builders.AllDefaultPossibilitiesBuilder.runnerForClass(AllDefaustderr  : ltPossibilitiesBuilder.java:26)
	at org.pitest.junit.adapter.AdaptedJUnitTestUnit.createRunner(AdaptedJUnitTestUnit.java:107)
	at org.pitest.junit.RunnerSuiteFinder.apply(RunnerSuiteFinder.java:40)
	at org.pitest.junit.RunnerSuiteFinder.apply(RunnerSuiteFistderr  : nder.java:35)
	at org.pitest.extension.common.CompoundTestSuiteFinder.apply(CompoundTestSuiteFinder.java:20)
	at org.pitest.extension.common.CompoundTestSuiteFinder.apply(CompoundTestSuiteFinder.java:9)
	at org.pitest.testapi.execute.FindTestUnits.findTeststderr  : Units(FindTestUnits.java:47)
	at org.pitest.testapi.execute.FindTestUnits.getTestUnits(FindTestUnits.java:40)
	at org.pitest.testapi.execute.FindTestUnits.findTestUnitsForAllSuppliedClasses(FindTestUnits.java:29)
	at org.pitest.mutationtest.execute.Mutatiostderr  : nTestMinion.findTestsForTestClasses(MutationTestMinion.java:154)
	at org.pitest.mutationtest.execute.MutationTestMinion.run(MutationTestMinion.java:94)
	at org.pitest.mutationtest.execute.MutationTestMinion.main(MutationTestMinion.java:137)
/================================================================================
- Mutators
================================================================================
> org.pitest.mutationtest.engine.gregor.mutators.ConditionalsBoundaryMutator
>> Generated 10 Killed 5 (50%)
> KILLED 5 SURVIVED 0 TIMED_OUT 0 NON_VIABLE 0 
> MEMORY_ERROR 0 NOT_STARTED 0 STARTED 0 RUN_ERROR 0 
> NO_COVERAGE 5 
--------------------------------------------------------------------------------
> org.pitest.mutationtest.engine.gregor.mutators.IncrementsMutator
>> Generated 6 Killed 2 (33%)
> KILLED 2 SURVIVED 0 TIMED_OUT 0 NON_VIABLE 0 
> MEMORY_ERROR 0 NOT_STARTED 0 STARTED 0 RUN_ERROR 0 
> NO_COVERAGE 4 
--------------------------------------------------------------------------------
> org.pitest.mutationtest.engine.gregor.mutators.VoidMethodCallMutator
>> Generated 25 Killed 14 (56%)
> KILLED 13 SURVIVED 0 TIMED_OUT 1 NON_VIABLE 0 
> MEMORY_ERROR 0 NOT_STARTED 0 STARTED 0 RUN_ERROR 0 
> NO_COVERAGE 11 
--------------------------------------------------------------------------------
> org.pitest.mutationtest.engine.gregor.mutators.MathMutator
>> Generated 7 Killed 6 (86%)
> KILLED 5 SURVIVED 0 TIMED_OUT 1 NON_VIABLE 0 
> MEMORY_ERROR 0 NOT_STARTED 0 STARTED 0 RUN_ERROR 0 
> NO_COVERAGE 1 
--------------------------------------------------------------------------------
> org.pitest.mutationtest.engine.gregor.mutators.PrimitiveReturnsMutator
>> Generated 7 Killed 2 (29%)
> KILLED 2 SURVIVED 0 TIMED_OUT 0 NON_VIABLE 0 
> MEMORY_ERROR 0 NOT_STARTED 0 STARTED 0 RUN_ERROR 0 
> NO_COVERAGE 5 
--------------------------------------------------------------------------------
> org.pitest.mutationtest.engine.gregor.mutators.NegateConditionalsMutator
>> Generated 28 Killed 21 (75%)
> KILLED 20 SURVIVED 0 TIMED_OUT 1 NON_VIABLE 0 
> MEMORY_ERROR 0 NOT_STARTED 0 STARTED 0 RUN_ERROR 0 
> NO_COVERAGE 7 
--------------------------------------------------------------------------------
================================================================================
- Timings
================================================================================
> scan classpath : < 1 second
> coverage and dependency analysis : 10 seconds
> build mutation tests : < 1 second
> run mutation analysis : 16 seconds
--------------------------------------------------------------------------------
> Total  : 28 seconds
--------------------------------------------------------------------------------
================================================================================
- Statistics
================================================================================
>> Generated 83 mutations Killed 50 (60%)
>> Ran 47 tests (0.57 tests per mutation)
[INFO] ------------------------------------------------------------------------
[INFO] BUILD SUCCESS
[INFO] ------------------------------------------------------------------------
[INFO] Total time: 30.081 s
[INFO] Finished at: 2020-05-24T20:10:22-06:00
[INFO] ------------------------------------------------------------------------
